<?xml version="1.0" encoding="UTF-8"?>
<testsuite xmlns:xsi="http://www.w3.org/2001/XMLSchema-instance" xsi:noNamespaceSchemaLocation="https://maven.apache.org/surefire/maven-surefire-plugin/xsd/surefire-test-report.xsd" name="com.kuang.Redis02SpringbootApplicationTests" time="5.414" tests="4" errors="0" skipped="0" failures="0">
  <properties>
[...]
</properties>
  <testcase name="test" classname="com.kuang.Redis02SpringbootApplicationTests" time="1.186"/>
  <testcase name="test1" classname="com.kuang.Redis02SpringbootApplicationTests" time="0.011"/>
  <testcase name="test3" classname="com.kuang.Redis02SpringbootApplicationTests" time="0.004"/>
  <testcase name="contextLoads" classname="com.kuang.Redis02SpringbootApplicationTests" time="0.003"/>
</testsuite>